<?xml version="1.0" encoding="UTF-8"?>
<!-- Generated by org.testng.reporters.JUnitXMLReporter -->
<testsuite ignored="0" hostname="Faizur" failures="0" tests="6" name="Default test" time="42.708" errors="0" timestamp="2024-06-26T16:56:26 IST">
  <testcase classname="org.blazeproductstore.automation.testcases.TC_001_ValidateLogin" name="tc_001_validateLogin" time="3.922"/>
  <testcase classname="org.blazeproductstore.automation.testcases.TC_001_ValidateLogin" name="tc_001_validateLogin" time="4.494"/>
  <testcase classname="org.blazeproductstore.automation.testcases.TC_001_ValidateLogin" name="tc_001_validateLogin" time="4.201"/>
  <testcase classname="org.blazeproductstore.automation.testcases.TC_002_ValidateSignUp" name="tc_002_validateSignUp" time="2.593"/>
  <testcase classname="org.blazeproductstore.automation.testcases.TC_002_ValidateSignUp" name="tc_002_validateSignUp" time="2.131"/>
  <testcase classname="org.blazeproductstore.automation.testcases.TC_002_ValidateSignUp" name="tc_002_validateSignUp" time="2.586"/>
</testsuite> <!-- Default test -->
