<?xml version="1.0" encoding="UTF-8"?>
<!-- Generated by org.testng.reporters.JUnitXMLReporter -->
<testsuite ignored="0" hostname="Faizur" failures="0" tests="3" name="Default test" time="19.493" errors="0" timestamp="2024-06-26T10:56:50 IST">
  <testcase classname="org.blazeproductstore.automation.testcases.TC_002_ValidateSignUp" name="tc_002_validateSignUp" time="2.374"/>
  <testcase classname="org.blazeproductstore.automation.testcases.TC_002_ValidateSignUp" name="tc_002_validateSignUp" time="2.34"/>
  <testcase classname="org.blazeproductstore.automation.testcases.TC_002_ValidateSignUp" name="tc_002_validateSignUp" time="2.459"/>
</testsuite> <!-- Default test -->
