<?xml version="1.0" encoding="UTF-8"?>
<testng-results ignored="0" total="6" passed="6" failed="0" skipped="0">
  <reporter-output>
  </reporter-output>
  <suite started-at="2024-06-26T16:55:43 IST" name="Default suite" finished-at="2024-06-26T16:56:26 IST" duration-ms="42708">
    <groups>
    </groups>
    <test started-at="2024-06-26T16:55:43 IST" name="Default test" finished-at="2024-06-26T16:56:26 IST" duration-ms="42708">
      <class name="org.blazeproductstore.automation.testcases.TC_001_ValidateLogin">
        <test-method is-config="true" signature="initiateDriverInstance()[pri:0, instance:org.blazeproductstore.automation.testcases.TC_001_ValidateLogin@692f203f]" started-at="2024-06-26T16:55:45 IST" name="initiateDriverInstance" finished-at="2024-06-26T16:55:49 IST" duration-ms="4658" status="PASS">
          <reporter-output>
          </reporter-output>
        </test-method> <!-- initiateDriverInstance -->
        <test-method signature="tc_001_validateLogin(java.lang.String,java.lang.String)[pri:0, instance:org.blazeproductstore.automation.testcases.TC_001_ValidateLogin@692f203f]" started-at="2024-06-26T16:55:49 IST" name="tc_001_validateLogin" data-provider="ExcelData" finished-at="2024-06-26T16:55:53 IST" duration-ms="3922" status="PASS">
          <params>
            <param index="0">
              <value>
                <![CDATA[test1]]>
              </value>
            </param>
            <param index="1">
              <value>
                <![CDATA[test1]]>
              </value>
            </param>
          </params>
          <reporter-output>
          </reporter-output>
        </test-method> <!-- tc_001_validateLogin -->
        <test-method is-config="true" signature="closeDriverInstance()[pri:0, instance:org.blazeproductstore.automation.testcases.TC_001_ValidateLogin@692f203f]" started-at="2024-06-26T16:55:53 IST" name="closeDriverInstance" finished-at="2024-06-26T16:55:54 IST" duration-ms="453" status="PASS">
          <reporter-output>
          </reporter-output>
        </test-method> <!-- closeDriverInstance -->
        <test-method is-config="true" signature="initiateDriverInstance()[pri:0, instance:org.blazeproductstore.automation.testcases.TC_001_ValidateLogin@692f203f]" started-at="2024-06-26T16:55:54 IST" name="initiateDriverInstance" finished-at="2024-06-26T16:55:57 IST" duration-ms="3137" status="PASS">
          <reporter-output>
          </reporter-output>
        </test-method> <!-- initiateDriverInstance -->
        <test-method signature="tc_001_validateLogin(java.lang.String,java.lang.String)[pri:0, instance:org.blazeproductstore.automation.testcases.TC_001_ValidateLogin@692f203f]" started-at="2024-06-26T16:55:57 IST" name="tc_001_validateLogin" data-provider="ExcelData" finished-at="2024-06-26T16:56:01 IST" duration-ms="4494" status="PASS">
          <params>
            <param index="0">
              <value>
                <![CDATA[test2]]>
              </value>
            </param>
            <param index="1">
              <value>
                <![CDATA[test2]]>
              </value>
            </param>
          </params>
          <reporter-output>
          </reporter-output>
        </test-method> <!-- tc_001_validateLogin -->
        <test-method is-config="true" signature="closeDriverInstance()[pri:0, instance:org.blazeproductstore.automation.testcases.TC_001_ValidateLogin@692f203f]" started-at="2024-06-26T16:56:01 IST" name="closeDriverInstance" finished-at="2024-06-26T16:56:02 IST" duration-ms="325" status="PASS">
          <reporter-output>
          </reporter-output>
        </test-method> <!-- closeDriverInstance -->
        <test-method is-config="true" signature="initiateDriverInstance()[pri:0, instance:org.blazeproductstore.automation.testcases.TC_001_ValidateLogin@692f203f]" started-at="2024-06-26T16:56:02 IST" name="initiateDriverInstance" finished-at="2024-06-26T16:56:04 IST" duration-ms="2506" status="PASS">
          <reporter-output>
          </reporter-output>
        </test-method> <!-- initiateDriverInstance -->
        <test-method signature="tc_001_validateLogin(java.lang.String,java.lang.String)[pri:0, instance:org.blazeproductstore.automation.testcases.TC_001_ValidateLogin@692f203f]" started-at="2024-06-26T16:56:04 IST" name="tc_001_validateLogin" data-provider="ExcelData" finished-at="2024-06-26T16:56:08 IST" duration-ms="4201" status="PASS">
          <params>
            <param index="0">
              <value>
                <![CDATA[test3]]>
              </value>
            </param>
            <param index="1">
              <value>
                <![CDATA[test3]]>
              </value>
            </param>
          </params>
          <reporter-output>
          </reporter-output>
        </test-method> <!-- tc_001_validateLogin -->
        <test-method is-config="true" signature="closeDriverInstance()[pri:0, instance:org.blazeproductstore.automation.testcases.TC_001_ValidateLogin@692f203f]" started-at="2024-06-26T16:56:08 IST" name="closeDriverInstance" finished-at="2024-06-26T16:56:09 IST" duration-ms="287" status="PASS">
          <reporter-output>
          </reporter-output>
        </test-method> <!-- closeDriverInstance -->
      </class> <!-- org.blazeproductstore.automation.testcases.TC_001_ValidateLogin -->
      <class name="org.blazeproductstore.automation.testcases.TC_002_ValidateSignUp">
        <test-method is-config="true" signature="initiateDriverInstance()[pri:0, instance:org.blazeproductstore.automation.testcases.TC_002_ValidateSignUp@6025e1b6]" started-at="2024-06-26T16:56:09 IST" name="initiateDriverInstance" finished-at="2024-06-26T16:56:12 IST" duration-ms="3130" status="PASS">
          <reporter-output>
          </reporter-output>
        </test-method> <!-- initiateDriverInstance -->
        <test-method signature="tc_002_validateSignUp(java.lang.String,java.lang.String)[pri:0, instance:org.blazeproductstore.automation.testcases.TC_002_ValidateSignUp@6025e1b6]" started-at="2024-06-26T16:56:12 IST" name="tc_002_validateSignUp" data-provider="ExcelData" finished-at="2024-06-26T16:56:15 IST" duration-ms="2593" status="PASS">
          <params>
            <param index="0">
              <value>
                <![CDATA[Sign1]]>
              </value>
            </param>
            <param index="1">
              <value>
                <![CDATA[test1]]>
              </value>
            </param>
          </params>
          <reporter-output>
          </reporter-output>
        </test-method> <!-- tc_002_validateSignUp -->
        <test-method is-config="true" signature="closeDriverInstance()[pri:0, instance:org.blazeproductstore.automation.testcases.TC_002_ValidateSignUp@6025e1b6]" started-at="2024-06-26T16:56:15 IST" name="closeDriverInstance" finished-at="2024-06-26T16:56:15 IST" duration-ms="252" status="PASS">
          <reporter-output>
          </reporter-output>
        </test-method> <!-- closeDriverInstance -->
        <test-method is-config="true" signature="initiateDriverInstance()[pri:0, instance:org.blazeproductstore.automation.testcases.TC_002_ValidateSignUp@6025e1b6]" started-at="2024-06-26T16:56:15 IST" name="initiateDriverInstance" finished-at="2024-06-26T16:56:18 IST" duration-ms="2921" status="PASS">
          <reporter-output>
          </reporter-output>
        </test-method> <!-- initiateDriverInstance -->
        <test-method signature="tc_002_validateSignUp(java.lang.String,java.lang.String)[pri:0, instance:org.blazeproductstore.automation.testcases.TC_002_ValidateSignUp@6025e1b6]" started-at="2024-06-26T16:56:18 IST" name="tc_002_validateSignUp" data-provider="ExcelData" finished-at="2024-06-26T16:56:20 IST" duration-ms="2131" status="PASS">
          <params>
            <param index="0">
              <value>
                <![CDATA[Sign2]]>
              </value>
            </param>
            <param index="1">
              <value>
                <![CDATA[test2]]>
              </value>
            </param>
          </params>
          <reporter-output>
          </reporter-output>
        </test-method> <!-- tc_002_validateSignUp -->
        <test-method is-config="true" signature="closeDriverInstance()[pri:0, instance:org.blazeproductstore.automation.testcases.TC_002_ValidateSignUp@6025e1b6]" started-at="2024-06-26T16:56:20 IST" name="closeDriverInstance" finished-at="2024-06-26T16:56:20 IST" duration-ms="290" status="PASS">
          <reporter-output>
          </reporter-output>
        </test-method> <!-- closeDriverInstance -->
        <test-method is-config="true" signature="initiateDriverInstance()[pri:0, instance:org.blazeproductstore.automation.testcases.TC_002_ValidateSignUp@6025e1b6]" started-at="2024-06-26T16:56:20 IST" name="initiateDriverInstance" finished-at="2024-06-26T16:56:23 IST" duration-ms="3018" status="PASS">
          <reporter-output>
          </reporter-output>
        </test-method> <!-- initiateDriverInstance -->
        <test-method signature="tc_002_validateSignUp(java.lang.String,java.lang.String)[pri:0, instance:org.blazeproductstore.automation.testcases.TC_002_ValidateSignUp@6025e1b6]" started-at="2024-06-26T16:56:23 IST" name="tc_002_validateSignUp" data-provider="ExcelData" finished-at="2024-06-26T16:56:26 IST" duration-ms="2586" status="PASS">
          <params>
            <param index="0">
              <value>
                <![CDATA[Sign3]]>
              </value>
            </param>
            <param index="1">
              <value>
                <![CDATA[test3]]>
              </value>
            </param>
          </params>
          <reporter-output>
          </reporter-output>
        </test-method> <!-- tc_002_validateSignUp -->
        <test-method is-config="true" signature="closeDriverInstance()[pri:0, instance:org.blazeproductstore.automation.testcases.TC_002_ValidateSignUp@6025e1b6]" started-at="2024-06-26T16:56:26 IST" name="closeDriverInstance" finished-at="2024-06-26T16:56:26 IST" duration-ms="269" status="PASS">
          <reporter-output>
          </reporter-output>
        </test-method> <!-- closeDriverInstance -->
      </class> <!-- org.blazeproductstore.automation.testcases.TC_002_ValidateSignUp -->
    </test> <!-- Default test -->
  </suite> <!-- Default suite -->
</testng-results>
