<?xml version="1.0" encoding="UTF-8"?>
<testng-results ignored="0" total="3" passed="3" failed="0" skipped="0">
  <reporter-output>
  </reporter-output>
  <suite started-at="2024-06-26T10:56:30 IST" name="Default suite" finished-at="2024-06-26T10:56:50 IST" duration-ms="19493">
    <groups>
    </groups>
    <test started-at="2024-06-26T10:56:30 IST" name="Default test" finished-at="2024-06-26T10:56:50 IST" duration-ms="19493">
      <class name="org.blazeproductstore.automation.testcases.TC_002_ValidateSignUp">
        <test-method is-config="true" signature="initiateDriverInstance()[pri:0, instance:org.blazeproductstore.automation.testcases.TC_002_ValidateSignUp@7c7b252e]" started-at="2024-06-26T10:56:31 IST" name="initiateDriverInstance" finished-at="2024-06-26T10:56:35 IST" duration-ms="3859" status="PASS">
          <reporter-output>
          </reporter-output>
        </test-method> <!-- initiateDriverInstance -->
        <test-method signature="tc_002_validateSignUp(java.lang.String,java.lang.String)[pri:0, instance:org.blazeproductstore.automation.testcases.TC_002_ValidateSignUp@7c7b252e]" started-at="2024-06-26T10:56:35 IST" name="tc_002_validateSignUp" data-provider="ExcelData" finished-at="2024-06-26T10:56:37 IST" duration-ms="2374" status="PASS">
          <params>
            <param index="0">
              <value>
                <![CDATA[Sign1]]>
              </value>
            </param>
            <param index="1">
              <value>
                <![CDATA[test1]]>
              </value>
            </param>
          </params>
          <reporter-output>
          </reporter-output>
        </test-method> <!-- tc_002_validateSignUp -->
        <test-method is-config="true" signature="closeDriverInstance()[pri:0, instance:org.blazeproductstore.automation.testcases.TC_002_ValidateSignUp@7c7b252e]" started-at="2024-06-26T10:56:37 IST" name="closeDriverInstance" finished-at="2024-06-26T10:56:38 IST" duration-ms="392" status="PASS">
          <reporter-output>
          </reporter-output>
        </test-method> <!-- closeDriverInstance -->
        <test-method is-config="true" signature="initiateDriverInstance()[pri:0, instance:org.blazeproductstore.automation.testcases.TC_002_ValidateSignUp@7c7b252e]" started-at="2024-06-26T10:56:38 IST" name="initiateDriverInstance" finished-at="2024-06-26T10:56:41 IST" duration-ms="2790" status="PASS">
          <reporter-output>
          </reporter-output>
        </test-method> <!-- initiateDriverInstance -->
        <test-method signature="tc_002_validateSignUp(java.lang.String,java.lang.String)[pri:0, instance:org.blazeproductstore.automation.testcases.TC_002_ValidateSignUp@7c7b252e]" started-at="2024-06-26T10:56:41 IST" name="tc_002_validateSignUp" data-provider="ExcelData" finished-at="2024-06-26T10:56:43 IST" duration-ms="2340" status="PASS">
          <params>
            <param index="0">
              <value>
                <![CDATA[Sign2]]>
              </value>
            </param>
            <param index="1">
              <value>
                <![CDATA[test2]]>
              </value>
            </param>
          </params>
          <reporter-output>
          </reporter-output>
        </test-method> <!-- tc_002_validateSignUp -->
        <test-method is-config="true" signature="closeDriverInstance()[pri:0, instance:org.blazeproductstore.automation.testcases.TC_002_ValidateSignUp@7c7b252e]" started-at="2024-06-26T10:56:43 IST" name="closeDriverInstance" finished-at="2024-06-26T10:56:43 IST" duration-ms="348" status="PASS">
          <reporter-output>
          </reporter-output>
        </test-method> <!-- closeDriverInstance -->
        <test-method is-config="true" signature="initiateDriverInstance()[pri:0, instance:org.blazeproductstore.automation.testcases.TC_002_ValidateSignUp@7c7b252e]" started-at="2024-06-26T10:56:43 IST" name="initiateDriverInstance" finished-at="2024-06-26T10:56:47 IST" duration-ms="3532" status="PASS">
          <reporter-output>
          </reporter-output>
        </test-method> <!-- initiateDriverInstance -->
        <test-method signature="tc_002_validateSignUp(java.lang.String,java.lang.String)[pri:0, instance:org.blazeproductstore.automation.testcases.TC_002_ValidateSignUp@7c7b252e]" started-at="2024-06-26T10:56:47 IST" name="tc_002_validateSignUp" data-provider="ExcelData" finished-at="2024-06-26T10:56:49 IST" duration-ms="2459" status="PASS">
          <params>
            <param index="0">
              <value>
                <![CDATA[Sign3]]>
              </value>
            </param>
            <param index="1">
              <value>
                <![CDATA[test3]]>
              </value>
            </param>
          </params>
          <reporter-output>
          </reporter-output>
        </test-method> <!-- tc_002_validateSignUp -->
        <test-method is-config="true" signature="closeDriverInstance()[pri:0, instance:org.blazeproductstore.automation.testcases.TC_002_ValidateSignUp@7c7b252e]" started-at="2024-06-26T10:56:49 IST" name="closeDriverInstance" finished-at="2024-06-26T10:56:50 IST" duration-ms="312" status="PASS">
          <reporter-output>
          </reporter-output>
        </test-method> <!-- closeDriverInstance -->
      </class> <!-- org.blazeproductstore.automation.testcases.TC_002_ValidateSignUp -->
    </test> <!-- Default test -->
  </suite> <!-- Default suite -->
</testng-results>
